running egg_info
creating ../../build/package_001/package_001.egg-info
writing ../../build/package_001/package_001.egg-info/PKG-INFO
writing dependency_links to ../../build/package_001/package_001.egg-info/dependency_links.txt
writing entry points to ../../build/package_001/package_001.egg-info/entry_points.txt
writing requirements to ../../build/package_001/package_001.egg-info/requires.txt
writing top-level names to ../../build/package_001/package_001.egg-info/top_level.txt
writing manifest file '../../build/package_001/package_001.egg-info/SOURCES.txt'
reading manifest file '../../build/package_001/package_001.egg-info/SOURCES.txt'
writing manifest file '../../build/package_001/package_001.egg-info/SOURCES.txt'
running build
running build_py
creating /home/martine/ROS2_study/ros2_ws_demo001/build/package_001/build
creating /home/martine/ROS2_study/ros2_ws_demo001/build/package_001/build/lib
creating /home/martine/ROS2_study/ros2_ws_demo001/build/package_001/build/lib/package_001
copying package_001/node_001.py -> /home/martine/ROS2_study/ros2_ws_demo001/build/package_001/build/lib/package_001
copying package_001/__init__.py -> /home/martine/ROS2_study/ros2_ws_demo001/build/package_001/build/lib/package_001
running install
running install_lib
creating /home/martine/ROS2_study/ros2_ws_demo001/install/package_001/lib/python3.8/site-packages/package_001
copying /home/martine/ROS2_study/ros2_ws_demo001/build/package_001/build/lib/package_001/node_001.py -> /home/martine/ROS2_study/ros2_ws_demo001/install/package_001/lib/python3.8/site-packages/package_001
copying /home/martine/ROS2_study/ros2_ws_demo001/build/package_001/build/lib/package_001/__init__.py -> /home/martine/ROS2_study/ros2_ws_demo001/install/package_001/lib/python3.8/site-packages/package_001
byte-compiling /home/martine/ROS2_study/ros2_ws_demo001/install/package_001/lib/python3.8/site-packages/package_001/node_001.py to node_001.cpython-38.pyc
byte-compiling /home/martine/ROS2_study/ros2_ws_demo001/install/package_001/lib/python3.8/site-packages/package_001/__init__.py to __init__.cpython-38.pyc
running install_data
creating /home/martine/ROS2_study/ros2_ws_demo001/install/package_001/share/ament_index
creating /home/martine/ROS2_study/ros2_ws_demo001/install/package_001/share/ament_index/resource_index
creating /home/martine/ROS2_study/ros2_ws_demo001/install/package_001/share/ament_index/resource_index/packages
copying resource/package_001 -> /home/martine/ROS2_study/ros2_ws_demo001/install/package_001/share/ament_index/resource_index/packages
copying package.xml -> /home/martine/ROS2_study/ros2_ws_demo001/install/package_001/share/package_001
running install_egg_info
Copying ../../build/package_001/package_001.egg-info to /home/martine/ROS2_study/ros2_ws_demo001/install/package_001/lib/python3.8/site-packages/package_001-0.0.0-py3.8.egg-info
running install_scripts
Installing node_001 script to /home/martine/ROS2_study/ros2_ws_demo001/install/package_001/lib/package_001
writing list of installed files to '/home/martine/ROS2_study/ros2_ws_demo001/build/package_001/install.log'
