[1.301s] Invoking command in '/home/martine/ROS2_study/ros2_ws_demo001/src/package_001': PYTHONPATH=/home/martine/ROS2_study/ros2_ws_demo001/build/package_001/prefix_override:/usr/lib/python3/dist-packages/colcon_core/task/python/colcon_distutils_commands:/home/martine/ROS2_study/ros2_ws_demo001/install/package_001/lib/python3.8/site-packages:${PYTHONPATH} /usr/bin/python3 -W ignore:setup.py install is deprecated setup.py egg_info --egg-base ../../build/package_001 build --build-base /home/martine/ROS2_study/ros2_ws_demo001/build/package_001/build install --record /home/martine/ROS2_study/ros2_ws_demo001/build/package_001/install.log --install-scripts $base/lib/package_001 --single-version-externally-managed install_data
[1.670s] running egg_info
[1.671s] creating ../../build/package_001/package_001.egg-info
[1.671s] writing ../../build/package_001/package_001.egg-info/PKG-INFO
[1.671s] writing dependency_links to ../../build/package_001/package_001.egg-info/dependency_links.txt
[1.672s] writing entry points to ../../build/package_001/package_001.egg-info/entry_points.txt
[1.672s] writing requirements to ../../build/package_001/package_001.egg-info/requires.txt
[1.672s] writing top-level names to ../../build/package_001/package_001.egg-info/top_level.txt
[1.756s] writing manifest file '../../build/package_001/package_001.egg-info/SOURCES.txt'
[1.810s] reading manifest file '../../build/package_001/package_001.egg-info/SOURCES.txt'
[1.811s] writing manifest file '../../build/package_001/package_001.egg-info/SOURCES.txt'
[1.813s] running build
[1.813s] running build_py
[1.813s] creating /home/martine/ROS2_study/ros2_ws_demo001/build/package_001/build
[1.814s] creating /home/martine/ROS2_study/ros2_ws_demo001/build/package_001/build/lib
[1.814s] creating /home/martine/ROS2_study/ros2_ws_demo001/build/package_001/build/lib/package_001
[1.814s] copying package_001/node_001.py -> /home/martine/ROS2_study/ros2_ws_demo001/build/package_001/build/lib/package_001
[1.814s] copying package_001/__init__.py -> /home/martine/ROS2_study/ros2_ws_demo001/build/package_001/build/lib/package_001
[1.815s] running install
[1.816s] running install_lib
[1.818s] creating /home/martine/ROS2_study/ros2_ws_demo001/install/package_001/lib/python3.8/site-packages/package_001
[1.818s] copying /home/martine/ROS2_study/ros2_ws_demo001/build/package_001/build/lib/package_001/node_001.py -> /home/martine/ROS2_study/ros2_ws_demo001/install/package_001/lib/python3.8/site-packages/package_001
[1.818s] copying /home/martine/ROS2_study/ros2_ws_demo001/build/package_001/build/lib/package_001/__init__.py -> /home/martine/ROS2_study/ros2_ws_demo001/install/package_001/lib/python3.8/site-packages/package_001
[1.819s] byte-compiling /home/martine/ROS2_study/ros2_ws_demo001/install/package_001/lib/python3.8/site-packages/package_001/node_001.py to node_001.cpython-38.pyc
[1.821s] byte-compiling /home/martine/ROS2_study/ros2_ws_demo001/install/package_001/lib/python3.8/site-packages/package_001/__init__.py to __init__.cpython-38.pyc
[1.821s] running install_data
[1.821s] creating /home/martine/ROS2_study/ros2_ws_demo001/install/package_001/share/ament_index
[1.822s] creating /home/martine/ROS2_study/ros2_ws_demo001/install/package_001/share/ament_index/resource_index
[1.822s] creating /home/martine/ROS2_study/ros2_ws_demo001/install/package_001/share/ament_index/resource_index/packages
[1.822s] copying resource/package_001 -> /home/martine/ROS2_study/ros2_ws_demo001/install/package_001/share/ament_index/resource_index/packages
[1.822s] copying package.xml -> /home/martine/ROS2_study/ros2_ws_demo001/install/package_001/share/package_001
[1.822s] running install_egg_info
[1.824s] Copying ../../build/package_001/package_001.egg-info to /home/martine/ROS2_study/ros2_ws_demo001/install/package_001/lib/python3.8/site-packages/package_001-0.0.0-py3.8.egg-info
[1.825s] running install_scripts
[1.856s] Installing node_001 script to /home/martine/ROS2_study/ros2_ws_demo001/install/package_001/lib/package_001
[1.856s] writing list of installed files to '/home/martine/ROS2_study/ros2_ws_demo001/build/package_001/install.log'
[1.899s] Invoked command in '/home/martine/ROS2_study/ros2_ws_demo001/src/package_001' returned '0': PYTHONPATH=/home/martine/ROS2_study/ros2_ws_demo001/build/package_001/prefix_override:/usr/lib/python3/dist-packages/colcon_core/task/python/colcon_distutils_commands:/home/martine/ROS2_study/ros2_ws_demo001/install/package_001/lib/python3.8/site-packages:${PYTHONPATH} /usr/bin/python3 -W ignore:setup.py install is deprecated setup.py egg_info --egg-base ../../build/package_001 build --build-base /home/martine/ROS2_study/ros2_ws_demo001/build/package_001/build install --record /home/martine/ROS2_study/ros2_ws_demo001/build/package_001/install.log --install-scripts $base/lib/package_001 --single-version-externally-managed install_data
